<?xml version="1.0" encoding="UTF-8"?>
<robot generator="Robot 3.2.1 (Python 3.8.5 on win32)" generated="20200806 20:26:56.692" rpa="false">
<suite id="s1" name="Tests" source="C:\Users\mcelestino\projects\AmonraTests\tests">
<suite id="s1-s1" name="Reservar Salas" source="C:\Users\mcelestino\projects\AmonraTests\tests\reservar_salas.robot">
<kw name="Open Session" library="base" type="setup">
<kw name="Open Browser" library="SeleniumLibrary">
<doc>Opens a new browser instance to the optional ``url``.</doc>
<arguments>
<arg>about:blank</arg>
<arg>chrome</arg>
</arguments>
<msg timestamp="20200806 20:26:56.991" level="INFO">Opening browser 'chrome' to base url 'about:blank'.</msg>
<status status="PASS" starttime="20200806 20:26:56.991" endtime="20200806 20:26:59.589"></status>
</kw>
<kw name="Set Selenium Implicit Wait" library="SeleniumLibrary">
<doc>Sets the implicit wait value used by Selenium.</doc>
<arguments>
<arg>5</arg>
</arguments>
<status status="PASS" starttime="20200806 20:26:59.590" endtime="20200806 20:26:59.591"></status>
</kw>
<status status="PASS" starttime="20200806 20:26:56.990" endtime="20200806 20:26:59.592"></status>
</kw>
<test id="s1-s1-t1" name="Reservar Salas">
<kw name="Sucess Loginn" library="base" type="setup">
<tags>
<tag>login_sucess</tag>
</tags>
<kw name="Dado que acesso a página principal" library="kws">
<kw name="Go To" library="SeleniumLibrary">
<doc>Navigates the current browser window to the provided ``url``.</doc>
<arguments>
<arg>${URL}</arg>
</arguments>
<msg timestamp="20200806 20:26:59.598" level="INFO">Opening url 'http://amonra2:9005/netpa/page'</msg>
<status status="PASS" starttime="20200806 20:26:59.598" endtime="20200806 20:27:01.919"></status>
</kw>
<kw name="Title Should Be" library="SeleniumLibrary">
<doc>Verifies that the current page title equals ``title``.</doc>
<arguments>
<arg>Netpa página de entrada</arg>
</arguments>
<msg timestamp="20200806 20:27:01.938" level="INFO">Page title is 'Netpa página de entrada'.</msg>
<status status="PASS" starttime="20200806 20:27:01.919" endtime="20200806 20:27:01.938"></status>
</kw>
<status status="PASS" starttime="20200806 20:26:59.597" endtime="20200806 20:27:01.938"></status>
</kw>
<kw name="Quando submeto o meu utilizador &quot;mariacp&quot;" library="kws">
<kw name="Click Element" library="SeleniumLibrary">
<doc>Click the element identified by ``locator``.</doc>
<arguments>
<arg>${REGISTER}</arg>
</arguments>
<msg timestamp="20200806 20:27:01.939" level="INFO">Clicking element 'id:loginregisterLink'.</msg>
<status status="PASS" starttime="20200806 20:27:01.939" endtime="20200806 20:27:02.151"></status>
</kw>
<kw name="Click Element" library="SeleniumLibrary">
<doc>Click the element identified by ``locator``.</doc>
<arguments>
<arg>${USER}</arg>
</arguments>
<msg timestamp="20200806 20:27:02.151" level="INFO">Clicking element 'id:textfield-1017-inputEl'.</msg>
<status status="PASS" starttime="20200806 20:27:02.151" endtime="20200806 20:27:02.516"></status>
</kw>
<kw name="Input Text" library="SeleniumLibrary">
<doc>Types the given ``text`` into the text field identified by ``locator``.</doc>
<arguments>
<arg>${USER}</arg>
<arg>${utilizador}</arg>
</arguments>
<msg timestamp="20200806 20:27:02.517" level="INFO">Typing text 'mariacp' into text field 'id:textfield-1017-inputEl'.</msg>
<status status="PASS" starttime="20200806 20:27:02.516" endtime="20200806 20:27:02.622"></status>
</kw>
<status status="PASS" starttime="20200806 20:27:01.938" endtime="20200806 20:27:02.622"></status>
</kw>
<kw name="E a palavra-chave &quot;a&quot;" library="kws">
<kw name="Input Text" library="SeleniumLibrary">
<doc>Types the given ``text`` into the text field identified by ``locator``.</doc>
<arguments>
<arg>${PASS}</arg>
<arg>${password}</arg>
</arguments>
<msg timestamp="20200806 20:27:02.624" level="INFO">Typing text 'a' into text field 'css:input[type='password']'.</msg>
<status status="PASS" starttime="20200806 20:27:02.623" endtime="20200806 20:27:02.753"></status>
</kw>
<kw name="Sleep" library="BuiltIn">
<doc>Pauses the test executed for the given time.</doc>
<arguments>
<arg>5</arg>
</arguments>
<msg timestamp="20200806 20:27:07.754" level="INFO">Slept 5 seconds</msg>
<status status="PASS" starttime="20200806 20:27:02.753" endtime="20200806 20:27:07.754"></status>
</kw>
<status status="PASS" starttime="20200806 20:27:02.622" endtime="20200806 20:27:07.754"></status>
</kw>
<kw name="E clico em Entrar" library="kws">
<kw name="Click Element" library="SeleniumLibrary">
<doc>Click the element identified by ``locator``.</doc>
<arguments>
<arg>${BOTAO_ENTRAR}</arg>
</arguments>
<msg timestamp="20200806 20:27:07.755" level="INFO">Clicking element 'id:button-1022-btnInnerEl'.</msg>
<status status="PASS" starttime="20200806 20:27:07.755" endtime="20200806 20:27:07.829"></status>
</kw>
<status status="PASS" starttime="20200806 20:27:07.754" endtime="20200806 20:27:07.829"></status>
</kw>
<kw name="Então devo ser autenticado" library="kws">
<kw name="Sleep" library="BuiltIn">
<doc>Pauses the test executed for the given time.</doc>
<arguments>
<arg>5</arg>
</arguments>
<msg timestamp="20200806 20:27:12.831" level="INFO">Slept 5 seconds</msg>
<status status="PASS" starttime="20200806 20:27:07.830" endtime="20200806 20:27:12.831"></status>
</kw>
<kw name="Wait Until Element Is Visible" library="SeleniumLibrary">
<doc>Waits until the element ``locator`` is visible.</doc>
<arguments>
<arg>${TOMEI_CONH}</arg>
</arguments>
<status status="PASS" starttime="20200806 20:27:12.831" endtime="20200806 20:27:12.869"></status>
</kw>
<kw name="Click Element" library="SeleniumLibrary">
<doc>Click the element identified by ``locator``.</doc>
<arguments>
<arg>${BOTAO_TOMEI_CONH}</arg>
</arguments>
<msg timestamp="20200806 20:27:12.870" level="INFO">Clicking element 'id:notificacoesNetpa_OK-btnEl'.</msg>
<status status="PASS" starttime="20200806 20:27:12.869" endtime="20200806 20:27:12.948"></status>
</kw>
<status status="PASS" starttime="20200806 20:27:07.829" endtime="20200806 20:27:12.948"></status>
</kw>
<status status="PASS" starttime="20200806 20:26:59.597" endtime="20200806 20:27:12.948"></status>
</kw>
<kw name="Dado que estou autenticado" library="kws">
<msg timestamp="20200806 20:27:12.950" level="FAIL">User keyword 'Dado que estou autenticado' contains no keywords.</msg>
<status status="FAIL" starttime="20200806 20:27:12.949" endtime="20200806 20:27:12.950"></status>
</kw>
<kw name="Close Session" library="base" type="teardown">
<kw name="Capture Page Screenshot" library="SeleniumLibrary">
<doc>Takes a screenshot of the current page and embeds it into a log file.</doc>
<msg timestamp="20200806 20:27:13.404" level="INFO" html="yes">&lt;/td&gt;&lt;/tr&gt;&lt;tr&gt;&lt;td colspan="3"&gt;&lt;a href="selenium-screenshot-149.png"&gt;&lt;img src="selenium-screenshot-149.png" width="800px"&gt;&lt;/a&gt;</msg>
<status status="PASS" starttime="20200806 20:27:12.951" endtime="20200806 20:27:13.405"></status>
</kw>
<kw name="Close Browser" library="SeleniumLibrary">
<doc>Closes the current browser.</doc>
<status status="PASS" starttime="20200806 20:27:13.405" endtime="20200806 20:27:15.779"></status>
</kw>
<status status="PASS" starttime="20200806 20:27:12.950" endtime="20200806 20:27:15.780"></status>
</kw>
<tags>
<tag>reservar_sala</tag>
</tags>
<status status="FAIL" starttime="20200806 20:26:59.592" endtime="20200806 20:27:15.780" critical="yes">User keyword 'Dado que estou autenticado' contains no keywords.</status>
</test>
<doc>Suite dos testes do ecram Reservar Salas</doc>
<status status="FAIL" starttime="20200806 20:26:56.732" endtime="20200806 20:27:15.786"></status>
</suite>
<status status="FAIL" starttime="20200806 20:26:56.695" endtime="20200806 20:27:15.812"></status>
</suite>
<statistics>
<total>
<stat pass="0" fail="1">Critical Tests</stat>
<stat pass="0" fail="1">All Tests</stat>
</total>
<tag>
<stat pass="0" fail="1">reservar_sala</stat>
</tag>
<suite>
<stat pass="0" fail="1" id="s1" name="Tests">Tests</stat>
<stat pass="0" fail="1" id="s1-s1" name="Reservar Salas">Tests.Reservar Salas</stat>
</suite>
</statistics>
<errors>
</errors>
</robot>
