<?xml version="1.0" encoding="UTF-8"?>
<robot generator="Robot 3.2.1 (Python 3.8.5 on win32)" generated="20200804 00:41:38.327" rpa="false">
<suite id="s1" name="Login" source="C:\Users\mcelestino\projects\AmonraTests\tests\login.robot">
<test id="s1-t1" name="Sucess Login">
<kw name="Open Session" library="base" type="setup">
<kw name="Open Browser" library="SeleniumLibrary">
<doc>Opens a new browser instance to the optional ``url``.</doc>
<arguments>
<arg>about:blank</arg>
<arg>chrome</arg>
</arguments>
<msg timestamp="20200804 00:41:38.569" level="INFO">Opening browser 'chrome' to base url 'about:blank'.</msg>
<status status="PASS" starttime="20200804 00:41:38.569" endtime="20200804 00:41:41.098"></status>
</kw>
<status status="PASS" starttime="20200804 00:41:38.569" endtime="20200804 00:41:41.098"></status>
</kw>
<kw name="Dado que acesso a página principal" library="kws">
<kw name="Go To" library="SeleniumLibrary">
<doc>Navigates the current browser window to the provided ``url``.</doc>
<arguments>
<arg>${URL}</arg>
</arguments>
<msg timestamp="20200804 00:41:41.100" level="INFO">Opening url 'http://amonra2:9005/netpa/page'</msg>
<status status="PASS" starttime="20200804 00:41:41.099" endtime="20200804 00:41:42.379"></status>
</kw>
<kw name="Title Should Be" library="SeleniumLibrary">
<doc>Verifies that the current page title equals ``title``.</doc>
<arguments>
<arg>Netpa página de entrada</arg>
</arguments>
<msg timestamp="20200804 00:41:42.393" level="INFO">Page title is 'Netpa página de entrada'.</msg>
<status status="PASS" starttime="20200804 00:41:42.379" endtime="20200804 00:41:42.393"></status>
</kw>
<status status="PASS" starttime="20200804 00:41:41.099" endtime="20200804 00:41:42.394"></status>
</kw>
<kw name="Quando submeto o meu utilizador &quot;mariacp&quot;" library="kws">
<kw name="Click Element" library="SeleniumLibrary">
<doc>Click the element identified by ``locator``.</doc>
<arguments>
<arg>${REGISTER}</arg>
</arguments>
<msg timestamp="20200804 00:41:42.397" level="INFO">Clicking element 'id:loginregisterLink'.</msg>
<status status="PASS" starttime="20200804 00:41:42.396" endtime="20200804 00:41:42.652"></status>
</kw>
<kw name="Sleep" library="BuiltIn">
<doc>Pauses the test executed for the given time.</doc>
<arguments>
<arg>2</arg>
</arguments>
<msg timestamp="20200804 00:41:44.654" level="INFO">Slept 2 seconds</msg>
<status status="PASS" starttime="20200804 00:41:42.652" endtime="20200804 00:41:44.654"></status>
</kw>
<kw name="Click Element" library="SeleniumLibrary">
<doc>Click the element identified by ``locator``.</doc>
<arguments>
<arg>${USER}</arg>
</arguments>
<msg timestamp="20200804 00:41:44.656" level="INFO">Clicking element 'id:textfield-1017-inputEl'.</msg>
<status status="PASS" starttime="20200804 00:41:44.655" endtime="20200804 00:41:44.753"></status>
</kw>
<kw name="Sleep" library="BuiltIn">
<doc>Pauses the test executed for the given time.</doc>
<arguments>
<arg>1</arg>
</arguments>
<msg timestamp="20200804 00:41:45.755" level="INFO">Slept 1 second</msg>
<status status="PASS" starttime="20200804 00:41:44.753" endtime="20200804 00:41:45.755"></status>
</kw>
<kw name="Input Text" library="SeleniumLibrary">
<doc>Types the given ``text`` into the text field identified by ``locator``.</doc>
<arguments>
<arg>${USER}</arg>
<arg>${utilizador}</arg>
</arguments>
<msg timestamp="20200804 00:41:45.756" level="INFO">Typing text 'mariacp' into text field 'id:textfield-1017-inputEl'.</msg>
<status status="PASS" starttime="20200804 00:41:45.755" endtime="20200804 00:41:45.880"></status>
</kw>
<status status="PASS" starttime="20200804 00:41:42.395" endtime="20200804 00:41:45.880"></status>
</kw>
<kw name="E a palavra-chave &quot;a&quot;" library="kws">
<kw name="Sleep" library="BuiltIn">
<doc>Pauses the test executed for the given time.</doc>
<arguments>
<arg>1</arg>
</arguments>
<msg timestamp="20200804 00:41:46.882" level="INFO">Slept 1 second</msg>
<status status="PASS" starttime="20200804 00:41:45.881" endtime="20200804 00:41:46.883"></status>
</kw>
<kw name="Input Text" library="SeleniumLibrary">
<doc>Types the given ``text`` into the text field identified by ``locator``.</doc>
<arguments>
<arg>${PASS}</arg>
<arg>${password}</arg>
</arguments>
<msg timestamp="20200804 00:41:46.885" level="INFO">Typing text 'a' into text field 'css:input[type='password']'.</msg>
<status status="PASS" starttime="20200804 00:41:46.883" endtime="20200804 00:41:47.050"></status>
</kw>
<status status="PASS" starttime="20200804 00:41:45.881" endtime="20200804 00:41:47.050"></status>
</kw>
<kw name="E clico em Entrar" library="kws">
<kw name="Click Element" library="SeleniumLibrary">
<doc>Click the element identified by ``locator``.</doc>
<arguments>
<arg>${BOTAO_ENTRAR}</arg>
</arguments>
<msg timestamp="20200804 00:41:47.051" level="INFO">Clicking element 'id:button-1022-btnEl'.</msg>
<status status="PASS" starttime="20200804 00:41:47.051" endtime="20200804 00:41:47.129"></status>
</kw>
<kw name="Sleep" library="BuiltIn">
<doc>Pauses the test executed for the given time.</doc>
<arguments>
<arg>5</arg>
</arguments>
<msg timestamp="20200804 00:41:52.144" level="INFO">Slept 5 seconds</msg>
<status status="PASS" starttime="20200804 00:41:47.129" endtime="20200804 00:41:52.144"></status>
</kw>
<status status="PASS" starttime="20200804 00:41:47.050" endtime="20200804 00:41:52.144"></status>
</kw>
<kw name="Então devo ser autenticado" library="kws">
<kw name="Wait Until Page Contains" library="SeleniumLibrary">
<doc>Waits until ``text`` appears on the current page.</doc>
<arguments>
<arg>Tem inquéritos por preencher</arg>
<arg>15</arg>
</arguments>
<kw name="Capture Page Screenshot" library="SeleniumLibrary">
<doc>Takes a screenshot of the current page and embeds it into a log file.</doc>
<msg timestamp="20200804 00:42:07.601" level="INFO" html="yes">&lt;/td&gt;&lt;/tr&gt;&lt;tr&gt;&lt;td colspan="3"&gt;&lt;a href="selenium-screenshot-83.png"&gt;&lt;img src="selenium-screenshot-83.png" width="800px"&gt;&lt;/a&gt;</msg>
<status status="PASS" starttime="20200804 00:42:07.213" endtime="20200804 00:42:07.601"></status>
</kw>
<msg timestamp="20200804 00:42:07.603" level="FAIL">Text 'Tem inquéritos por preencher' did not appear in 15 seconds.</msg>
<status status="FAIL" starttime="20200804 00:41:52.144" endtime="20200804 00:42:07.603"></status>
</kw>
<status status="FAIL" starttime="20200804 00:41:52.144" endtime="20200804 00:42:07.603"></status>
</kw>
<kw name="Close Session" library="base" type="teardown">
<kw name="Capture Page Screenshot" library="SeleniumLibrary">
<doc>Takes a screenshot of the current page and embeds it into a log file.</doc>
<msg timestamp="20200804 00:42:07.940" level="INFO" html="yes">&lt;/td&gt;&lt;/tr&gt;&lt;tr&gt;&lt;td colspan="3"&gt;&lt;a href="selenium-screenshot-84.png"&gt;&lt;img src="selenium-screenshot-84.png" width="800px"&gt;&lt;/a&gt;</msg>
<status status="PASS" starttime="20200804 00:42:07.605" endtime="20200804 00:42:07.940"></status>
</kw>
<kw name="Close Browser" library="SeleniumLibrary">
<doc>Closes the current browser.</doc>
<status status="PASS" starttime="20200804 00:42:07.940" endtime="20200804 00:42:10.088"></status>
</kw>
<status status="PASS" starttime="20200804 00:42:07.604" endtime="20200804 00:42:10.088"></status>
</kw>
<status status="FAIL" starttime="20200804 00:41:38.568" endtime="20200804 00:42:10.089" critical="yes">Text 'Tem inquéritos por preencher' did not appear in 15 seconds.</status>
</test>
<doc>Suite dos testes de login</doc>
<status status="FAIL" starttime="20200804 00:41:38.329" endtime="20200804 00:42:10.092"></status>
</suite>
<statistics>
<total>
<stat pass="0" fail="1">Critical Tests</stat>
<stat pass="0" fail="1">All Tests</stat>
</total>
<tag>
</tag>
<suite>
<stat pass="0" fail="1" id="s1" name="Login">Login</stat>
</suite>
</statistics>
<errors>
</errors>
</robot>
