<?xml version="1.0" encoding="UTF-8"?>
<robot generator="Robot 3.2.1 (Python 3.8.5 on win32)" generated="20200804 21:53:49.808" rpa="false">
<suite id="s1" name="Login" source="C:\Users\mcelestino\projects\AmonraTests\tests\login.robot">
<test id="s1-t1" name="Sucess Login">
<kw name="Open Session" library="base" type="setup">
<kw name="Open Browser" library="SeleniumLibrary">
<doc>Opens a new browser instance to the optional ``url``.</doc>
<arguments>
<arg>about:blank</arg>
<arg>chrome</arg>
</arguments>
<msg timestamp="20200804 21:53:50.090" level="INFO">Opening browser 'chrome' to base url 'about:blank'.</msg>
<status status="PASS" starttime="20200804 21:53:50.090" endtime="20200804 21:53:52.630"></status>
</kw>
<kw name="Set Selenium Implicit Wait" library="SeleniumLibrary">
<doc>Sets the implicit wait value used by Selenium.</doc>
<arguments>
<arg>5</arg>
</arguments>
<status status="PASS" starttime="20200804 21:53:52.630" endtime="20200804 21:53:52.634"></status>
</kw>
<status status="PASS" starttime="20200804 21:53:50.090" endtime="20200804 21:53:52.635"></status>
</kw>
<kw name="Dado que acesso a página principal" library="kws">
<kw name="Go To" library="SeleniumLibrary">
<doc>Navigates the current browser window to the provided ``url``.</doc>
<arguments>
<arg>${URL}</arg>
</arguments>
<msg timestamp="20200804 21:53:52.639" level="INFO">Opening url 'http://amonra2:9005/netpa/page'</msg>
<status status="PASS" starttime="20200804 21:53:52.638" endtime="20200804 21:53:53.889"></status>
</kw>
<kw name="Title Should Be" library="SeleniumLibrary">
<doc>Verifies that the current page title equals ``title``.</doc>
<arguments>
<arg>Netpa página de entrada</arg>
</arguments>
<msg timestamp="20200804 21:53:53.902" level="INFO">Page title is 'Netpa página de entrada'.</msg>
<status status="PASS" starttime="20200804 21:53:53.890" endtime="20200804 21:53:53.902"></status>
</kw>
<status status="PASS" starttime="20200804 21:53:52.637" endtime="20200804 21:53:53.903"></status>
</kw>
<kw name="Quando submeto o meu utilizador &quot;mariacp&quot;" library="kws">
<kw name="Click Element" library="SeleniumLibrary">
<doc>Click the element identified by ``locator``.</doc>
<arguments>
<arg>${REGISTER}</arg>
</arguments>
<msg timestamp="20200804 21:53:53.905" level="INFO">Clicking element 'id:loginregisterLink'.</msg>
<status status="PASS" starttime="20200804 21:53:53.905" endtime="20200804 21:53:54.096"></status>
</kw>
<kw name="Click Element" library="SeleniumLibrary">
<doc>Click the element identified by ``locator``.</doc>
<arguments>
<arg>${USER}</arg>
</arguments>
<msg timestamp="20200804 21:53:54.097" level="INFO">Clicking element 'id:textfield-1017-inputEl'.</msg>
<status status="PASS" starttime="20200804 21:53:54.096" endtime="20200804 21:53:54.443"></status>
</kw>
<kw name="Input Text" library="SeleniumLibrary">
<doc>Types the given ``text`` into the text field identified by ``locator``.</doc>
<arguments>
<arg>${USER}</arg>
<arg>${utilizador}</arg>
</arguments>
<msg timestamp="20200804 21:53:54.444" level="INFO">Typing text 'mariacp' into text field 'id:textfield-1017-inputEl'.</msg>
<status status="PASS" starttime="20200804 21:53:54.443" endtime="20200804 21:53:54.560"></status>
</kw>
<status status="PASS" starttime="20200804 21:53:53.904" endtime="20200804 21:53:54.561"></status>
</kw>
<kw name="E a palavra-chave &quot;a&quot;" library="kws">
<kw name="Input Text" library="SeleniumLibrary">
<doc>Types the given ``text`` into the text field identified by ``locator``.</doc>
<arguments>
<arg>${PASS}</arg>
<arg>${password}</arg>
</arguments>
<msg timestamp="20200804 21:53:54.563" level="INFO">Typing text 'a' into text field 'css:input[type='password']'.</msg>
<status status="PASS" starttime="20200804 21:53:54.562" endtime="20200804 21:53:54.708"></status>
</kw>
<kw name="Sleep" library="BuiltIn">
<doc>Pauses the test executed for the given time.</doc>
<arguments>
<arg>5</arg>
</arguments>
<msg timestamp="20200804 21:53:59.711" level="INFO">Slept 5 seconds</msg>
<status status="PASS" starttime="20200804 21:53:54.708" endtime="20200804 21:53:59.711"></status>
</kw>
<status status="PASS" starttime="20200804 21:53:54.562" endtime="20200804 21:53:59.711"></status>
</kw>
<kw name="E clico em Entrar" library="kws">
<kw name="Click Element" library="SeleniumLibrary">
<doc>Click the element identified by ``locator``.</doc>
<arguments>
<arg>${BOTAO_ENTRAR}</arg>
</arguments>
<msg timestamp="20200804 21:53:59.712" level="INFO">Clicking element 'id:button-1022-btnInnerEl'.</msg>
<status status="PASS" starttime="20200804 21:53:59.712" endtime="20200804 21:53:59.783"></status>
</kw>
<status status="PASS" starttime="20200804 21:53:59.712" endtime="20200804 21:53:59.783"></status>
</kw>
<kw name="Então devo ser autenticado" library="kws">
<kw name="Sleep" library="BuiltIn">
<doc>Pauses the test executed for the given time.</doc>
<arguments>
<arg>5</arg>
</arguments>
<msg timestamp="20200804 21:54:04.786" level="INFO">Slept 5 seconds</msg>
<status status="PASS" starttime="20200804 21:53:59.785" endtime="20200804 21:54:04.786"></status>
</kw>
<kw name="Wait Until Element Is Visible" library="SeleniumLibrary">
<doc>Waits until the element ``locator`` is visible.</doc>
<arguments>
<arg>${TOMEI_CONH}</arg>
</arguments>
<status status="PASS" starttime="20200804 21:54:04.787" endtime="20200804 21:54:04.863"></status>
</kw>
<kw name="Click Element" library="SeleniumLibrary">
<doc>Click the element identified by ``locator``.</doc>
<arguments>
<arg>${BOTAO_TOMEI_CONH}</arg>
</arguments>
<msg timestamp="20200804 21:54:04.864" level="INFO">Clicking element 'id:notificacoesNetpa_OK-btnEl'.</msg>
<status status="PASS" starttime="20200804 21:54:04.864" endtime="20200804 21:54:04.954"></status>
</kw>
<status status="PASS" starttime="20200804 21:53:59.784" endtime="20200804 21:54:04.954"></status>
</kw>
<kw name="Close Session" library="base" type="teardown">
<kw name="Capture Page Screenshot" library="SeleniumLibrary">
<doc>Takes a screenshot of the current page and embeds it into a log file.</doc>
<msg timestamp="20200804 21:54:05.346" level="INFO" html="yes">&lt;/td&gt;&lt;/tr&gt;&lt;tr&gt;&lt;td colspan="3"&gt;&lt;a href="selenium-screenshot-142.png"&gt;&lt;img src="selenium-screenshot-142.png" width="800px"&gt;&lt;/a&gt;</msg>
<status status="PASS" starttime="20200804 21:54:04.956" endtime="20200804 21:54:05.346"></status>
</kw>
<kw name="Close Browser" library="SeleniumLibrary">
<doc>Closes the current browser.</doc>
<status status="PASS" starttime="20200804 21:54:05.347" endtime="20200804 21:54:07.547"></status>
</kw>
<status status="PASS" starttime="20200804 21:54:04.955" endtime="20200804 21:54:07.547"></status>
</kw>
<status status="PASS" starttime="20200804 21:53:50.087" endtime="20200804 21:54:07.549" critical="yes"></status>
</test>
<test id="s1-t2" name="Login with nonexistent user">
<kw name="Open Session" library="base" type="setup">
<kw name="Open Browser" library="SeleniumLibrary">
<doc>Opens a new browser instance to the optional ``url``.</doc>
<arguments>
<arg>about:blank</arg>
<arg>chrome</arg>
</arguments>
<msg timestamp="20200804 21:54:07.566" level="INFO">Opening browser 'chrome' to base url 'about:blank'.</msg>
<status status="PASS" starttime="20200804 21:54:07.565" endtime="20200804 21:54:10.124"></status>
</kw>
<kw name="Set Selenium Implicit Wait" library="SeleniumLibrary">
<doc>Sets the implicit wait value used by Selenium.</doc>
<arguments>
<arg>5</arg>
</arguments>
<status status="PASS" starttime="20200804 21:54:10.124" endtime="20200804 21:54:10.128"></status>
</kw>
<status status="PASS" starttime="20200804 21:54:07.564" endtime="20200804 21:54:10.128"></status>
</kw>
<kw name="Dado que acesso a página principal" library="kws">
<kw name="Go To" library="SeleniumLibrary">
<doc>Navigates the current browser window to the provided ``url``.</doc>
<arguments>
<arg>${URL}</arg>
</arguments>
<msg timestamp="20200804 21:54:10.131" level="INFO">Opening url 'http://amonra2:9005/netpa/page'</msg>
<status status="PASS" starttime="20200804 21:54:10.130" endtime="20200804 21:54:11.341"></status>
</kw>
<kw name="Title Should Be" library="SeleniumLibrary">
<doc>Verifies that the current page title equals ``title``.</doc>
<arguments>
<arg>Netpa página de entrada</arg>
</arguments>
<msg timestamp="20200804 21:54:11.352" level="INFO">Page title is 'Netpa página de entrada'.</msg>
<status status="PASS" starttime="20200804 21:54:11.341" endtime="20200804 21:54:11.352"></status>
</kw>
<status status="PASS" starttime="20200804 21:54:10.129" endtime="20200804 21:54:11.352"></status>
</kw>
<kw name="Quando submeto o meu utilizador &quot;maria&quot;" library="kws">
<kw name="Click Element" library="SeleniumLibrary">
<doc>Click the element identified by ``locator``.</doc>
<arguments>
<arg>${REGISTER}</arg>
</arguments>
<msg timestamp="20200804 21:54:11.353" level="INFO">Clicking element 'id:loginregisterLink'.</msg>
<status status="PASS" starttime="20200804 21:54:11.353" endtime="20200804 21:54:11.543"></status>
</kw>
<kw name="Click Element" library="SeleniumLibrary">
<doc>Click the element identified by ``locator``.</doc>
<arguments>
<arg>${USER}</arg>
</arguments>
<msg timestamp="20200804 21:54:11.544" level="INFO">Clicking element 'id:textfield-1017-inputEl'.</msg>
<status status="PASS" starttime="20200804 21:54:11.544" endtime="20200804 21:54:11.888"></status>
</kw>
<kw name="Input Text" library="SeleniumLibrary">
<doc>Types the given ``text`` into the text field identified by ``locator``.</doc>
<arguments>
<arg>${USER}</arg>
<arg>${utilizador}</arg>
</arguments>
<msg timestamp="20200804 21:54:11.889" level="INFO">Typing text 'maria' into text field 'id:textfield-1017-inputEl'.</msg>
<status status="PASS" starttime="20200804 21:54:11.889" endtime="20200804 21:54:11.975"></status>
</kw>
<status status="PASS" starttime="20200804 21:54:11.353" endtime="20200804 21:54:11.975"></status>
</kw>
<kw name="E a palavra-chave &quot;a&quot;" library="kws">
<kw name="Input Text" library="SeleniumLibrary">
<doc>Types the given ``text`` into the text field identified by ``locator``.</doc>
<arguments>
<arg>${PASS}</arg>
<arg>${password}</arg>
</arguments>
<msg timestamp="20200804 21:54:11.977" level="INFO">Typing text 'a' into text field 'css:input[type='password']'.</msg>
<status status="PASS" starttime="20200804 21:54:11.976" endtime="20200804 21:54:12.102"></status>
</kw>
<kw name="Sleep" library="BuiltIn">
<doc>Pauses the test executed for the given time.</doc>
<arguments>
<arg>5</arg>
</arguments>
<msg timestamp="20200804 21:54:17.106" level="INFO">Slept 5 seconds</msg>
<status status="PASS" starttime="20200804 21:54:12.103" endtime="20200804 21:54:17.106"></status>
</kw>
<status status="PASS" starttime="20200804 21:54:11.976" endtime="20200804 21:54:17.107"></status>
</kw>
<kw name="E clico em Entrar" library="kws">
<kw name="Click Element" library="SeleniumLibrary">
<doc>Click the element identified by ``locator``.</doc>
<arguments>
<arg>${BOTAO_ENTRAR}</arg>
</arguments>
<msg timestamp="20200804 21:54:17.112" level="INFO">Clicking element 'id:button-1022-btnInnerEl'.</msg>
<status status="PASS" starttime="20200804 21:54:17.111" endtime="20200804 21:54:17.198"></status>
</kw>
<status status="PASS" starttime="20200804 21:54:17.109" endtime="20200804 21:54:17.198"></status>
</kw>
<kw name="Então devo ver a mensagem &quot;Utilizador inexistente. Autenticação falhada.&quot;" library="kws">
<kw name="Sleep" library="BuiltIn">
<doc>Pauses the test executed for the given time.</doc>
<arguments>
<arg>5</arg>
</arguments>
<msg timestamp="20200804 21:54:22.202" level="INFO">Slept 5 seconds</msg>
<status status="PASS" starttime="20200804 21:54:17.200" endtime="20200804 21:54:22.202"></status>
</kw>
<kw name="Wait Until Element Contains" library="SeleniumLibrary">
<doc>Waits until the element ``locator`` contains ``text``.</doc>
<arguments>
<arg>${DIV_ALERT}</arg>
<arg>${expect_message}</arg>
</arguments>
<status status="PASS" starttime="20200804 21:54:22.202" endtime="20200804 21:54:22.232"></status>
</kw>
<kw name="Sleep" library="BuiltIn">
<doc>Pauses the test executed for the given time.</doc>
<arguments>
<arg>5</arg>
</arguments>
<msg timestamp="20200804 21:54:27.233" level="INFO">Slept 5 seconds</msg>
<status status="PASS" starttime="20200804 21:54:22.232" endtime="20200804 21:54:27.233"></status>
</kw>
<kw name="Click Element" library="SeleniumLibrary">
<doc>Click the element identified by ``locator``.</doc>
<arguments>
<arg>${BOTAO_OK}</arg>
</arguments>
<msg timestamp="20200804 21:54:27.235" level="INFO">Clicking element 'xpath://button[@class="ajs-button ajs-ok"]'.</msg>
<status status="PASS" starttime="20200804 21:54:27.234" endtime="20200804 21:54:27.345"></status>
</kw>
<kw name="Sleep" library="BuiltIn">
<doc>Pauses the test executed for the given time.</doc>
<arguments>
<arg>2</arg>
</arguments>
<msg timestamp="20200804 21:54:29.346" level="INFO">Slept 2 seconds</msg>
<status status="PASS" starttime="20200804 21:54:27.345" endtime="20200804 21:54:29.346"></status>
</kw>
<status status="PASS" starttime="20200804 21:54:17.199" endtime="20200804 21:54:29.347"></status>
</kw>
<kw name="Close Session" library="base" type="teardown">
<kw name="Capture Page Screenshot" library="SeleniumLibrary">
<doc>Takes a screenshot of the current page and embeds it into a log file.</doc>
<msg timestamp="20200804 21:54:29.722" level="INFO" html="yes">&lt;/td&gt;&lt;/tr&gt;&lt;tr&gt;&lt;td colspan="3"&gt;&lt;a href="selenium-screenshot-143.png"&gt;&lt;img src="selenium-screenshot-143.png" width="800px"&gt;&lt;/a&gt;</msg>
<status status="PASS" starttime="20200804 21:54:29.350" endtime="20200804 21:54:29.722"></status>
</kw>
<kw name="Close Browser" library="SeleniumLibrary">
<doc>Closes the current browser.</doc>
<status status="PASS" starttime="20200804 21:54:29.722" endtime="20200804 21:54:31.908"></status>
</kw>
<status status="PASS" starttime="20200804 21:54:29.349" endtime="20200804 21:54:31.909"></status>
</kw>
<tags>
<tag>login_fail_user</tag>
</tags>
<status status="PASS" starttime="20200804 21:54:07.557" endtime="20200804 21:54:31.910" critical="yes"></status>
</test>
<test id="s1-t3" name="Login with nonexistent password">
<kw name="Open Session" library="base" type="setup">
<kw name="Open Browser" library="SeleniumLibrary">
<doc>Opens a new browser instance to the optional ``url``.</doc>
<arguments>
<arg>about:blank</arg>
<arg>chrome</arg>
</arguments>
<msg timestamp="20200804 21:54:31.927" level="INFO">Opening browser 'chrome' to base url 'about:blank'.</msg>
<status status="PASS" starttime="20200804 21:54:31.926" endtime="20200804 21:54:34.428"></status>
</kw>
<kw name="Set Selenium Implicit Wait" library="SeleniumLibrary">
<doc>Sets the implicit wait value used by Selenium.</doc>
<arguments>
<arg>5</arg>
</arguments>
<status status="PASS" starttime="20200804 21:54:34.428" endtime="20200804 21:54:34.429"></status>
</kw>
<status status="PASS" starttime="20200804 21:54:31.924" endtime="20200804 21:54:34.429"></status>
</kw>
<kw name="Dado que acesso a página principal" library="kws">
<kw name="Go To" library="SeleniumLibrary">
<doc>Navigates the current browser window to the provided ``url``.</doc>
<arguments>
<arg>${URL}</arg>
</arguments>
<msg timestamp="20200804 21:54:34.431" level="INFO">Opening url 'http://amonra2:9005/netpa/page'</msg>
<status status="PASS" starttime="20200804 21:54:34.431" endtime="20200804 21:54:35.692"></status>
</kw>
<kw name="Title Should Be" library="SeleniumLibrary">
<doc>Verifies that the current page title equals ``title``.</doc>
<arguments>
<arg>Netpa página de entrada</arg>
</arguments>
<msg timestamp="20200804 21:54:35.703" level="INFO">Page title is 'Netpa página de entrada'.</msg>
<status status="PASS" starttime="20200804 21:54:35.692" endtime="20200804 21:54:35.703"></status>
</kw>
<status status="PASS" starttime="20200804 21:54:34.430" endtime="20200804 21:54:35.703"></status>
</kw>
<kw name="Quando submeto o meu utilizador &quot;mariacp&quot;" library="kws">
<kw name="Click Element" library="SeleniumLibrary">
<doc>Click the element identified by ``locator``.</doc>
<arguments>
<arg>${REGISTER}</arg>
</arguments>
<msg timestamp="20200804 21:54:35.705" level="INFO">Clicking element 'id:loginregisterLink'.</msg>
<status status="PASS" starttime="20200804 21:54:35.705" endtime="20200804 21:54:35.914"></status>
</kw>
<kw name="Click Element" library="SeleniumLibrary">
<doc>Click the element identified by ``locator``.</doc>
<arguments>
<arg>${USER}</arg>
</arguments>
<msg timestamp="20200804 21:54:35.915" level="INFO">Clicking element 'id:textfield-1017-inputEl'.</msg>
<status status="PASS" starttime="20200804 21:54:35.914" endtime="20200804 21:54:36.242"></status>
</kw>
<kw name="Input Text" library="SeleniumLibrary">
<doc>Types the given ``text`` into the text field identified by ``locator``.</doc>
<arguments>
<arg>${USER}</arg>
<arg>${utilizador}</arg>
</arguments>
<msg timestamp="20200804 21:54:36.243" level="INFO">Typing text 'mariacp' into text field 'id:textfield-1017-inputEl'.</msg>
<status status="PASS" starttime="20200804 21:54:36.242" endtime="20200804 21:54:36.340"></status>
</kw>
<status status="PASS" starttime="20200804 21:54:35.704" endtime="20200804 21:54:36.341"></status>
</kw>
<kw name="E a palavra-chave &quot;abc&quot;" library="kws">
<kw name="Input Text" library="SeleniumLibrary">
<doc>Types the given ``text`` into the text field identified by ``locator``.</doc>
<arguments>
<arg>${PASS}</arg>
<arg>${password}</arg>
</arguments>
<msg timestamp="20200804 21:54:36.342" level="INFO">Typing text 'abc' into text field 'css:input[type='password']'.</msg>
<status status="PASS" starttime="20200804 21:54:36.342" endtime="20200804 21:54:36.472"></status>
</kw>
<kw name="Sleep" library="BuiltIn">
<doc>Pauses the test executed for the given time.</doc>
<arguments>
<arg>5</arg>
</arguments>
<msg timestamp="20200804 21:54:41.474" level="INFO">Slept 5 seconds</msg>
<status status="PASS" starttime="20200804 21:54:36.472" endtime="20200804 21:54:41.474"></status>
</kw>
<status status="PASS" starttime="20200804 21:54:36.341" endtime="20200804 21:54:41.474"></status>
</kw>
<kw name="E clico em Entrar" library="kws">
<kw name="Click Element" library="SeleniumLibrary">
<doc>Click the element identified by ``locator``.</doc>
<arguments>
<arg>${BOTAO_ENTRAR}</arg>
</arguments>
<msg timestamp="20200804 21:54:41.475" level="INFO">Clicking element 'id:button-1022-btnInnerEl'.</msg>
<status status="PASS" starttime="20200804 21:54:41.475" endtime="20200804 21:54:41.542"></status>
</kw>
<status status="PASS" starttime="20200804 21:54:41.475" endtime="20200804 21:54:41.542"></status>
</kw>
<kw name="Então devo ver a mensagem &quot;Palavra chave errada. Autenticação falhada.&quot;" library="kws">
<kw name="Sleep" library="BuiltIn">
<doc>Pauses the test executed for the given time.</doc>
<arguments>
<arg>5</arg>
</arguments>
<msg timestamp="20200804 21:54:46.545" level="INFO">Slept 5 seconds</msg>
<status status="PASS" starttime="20200804 21:54:41.543" endtime="20200804 21:54:46.546"></status>
</kw>
<kw name="Wait Until Element Contains" library="SeleniumLibrary">
<doc>Waits until the element ``locator`` contains ``text``.</doc>
<arguments>
<arg>${DIV_ALERT}</arg>
<arg>${expect_message}</arg>
</arguments>
<status status="PASS" starttime="20200804 21:54:46.546" endtime="20200804 21:54:46.607"></status>
</kw>
<kw name="Sleep" library="BuiltIn">
<doc>Pauses the test executed for the given time.</doc>
<arguments>
<arg>5</arg>
</arguments>
<msg timestamp="20200804 21:54:51.608" level="INFO">Slept 5 seconds</msg>
<status status="PASS" starttime="20200804 21:54:46.607" endtime="20200804 21:54:51.608"></status>
</kw>
<kw name="Click Element" library="SeleniumLibrary">
<doc>Click the element identified by ``locator``.</doc>
<arguments>
<arg>${BOTAO_OK}</arg>
</arguments>
<msg timestamp="20200804 21:54:51.610" level="INFO">Clicking element 'xpath://button[@class="ajs-button ajs-ok"]'.</msg>
<status status="PASS" starttime="20200804 21:54:51.609" endtime="20200804 21:54:51.716"></status>
</kw>
<kw name="Sleep" library="BuiltIn">
<doc>Pauses the test executed for the given time.</doc>
<arguments>
<arg>2</arg>
</arguments>
<msg timestamp="20200804 21:54:53.718" level="INFO">Slept 2 seconds</msg>
<status status="PASS" starttime="20200804 21:54:51.716" endtime="20200804 21:54:53.718"></status>
</kw>
<status status="PASS" starttime="20200804 21:54:41.543" endtime="20200804 21:54:53.719"></status>
</kw>
<kw name="Close Session" library="base" type="teardown">
<kw name="Capture Page Screenshot" library="SeleniumLibrary">
<doc>Takes a screenshot of the current page and embeds it into a log file.</doc>
<msg timestamp="20200804 21:54:54.153" level="INFO" html="yes">&lt;/td&gt;&lt;/tr&gt;&lt;tr&gt;&lt;td colspan="3"&gt;&lt;a href="selenium-screenshot-144.png"&gt;&lt;img src="selenium-screenshot-144.png" width="800px"&gt;&lt;/a&gt;</msg>
<status status="PASS" starttime="20200804 21:54:53.723" endtime="20200804 21:54:54.153"></status>
</kw>
<kw name="Close Browser" library="SeleniumLibrary">
<doc>Closes the current browser.</doc>
<status status="PASS" starttime="20200804 21:54:54.153" endtime="20200804 21:54:56.349"></status>
</kw>
<status status="PASS" starttime="20200804 21:54:53.721" endtime="20200804 21:54:56.350"></status>
</kw>
<status status="PASS" starttime="20200804 21:54:31.919" endtime="20200804 21:54:56.352" critical="yes"></status>
</test>
<doc>Suite dos testes de login</doc>
<status status="PASS" starttime="20200804 21:53:49.810" endtime="20200804 21:54:56.362"></status>
</suite>
<statistics>
<total>
<stat pass="3" fail="0">Critical Tests</stat>
<stat pass="3" fail="0">All Tests</stat>
</total>
<tag>
<stat pass="1" fail="0">login_fail_user</stat>
</tag>
<suite>
<stat pass="3" fail="0" id="s1" name="Login">Login</stat>
</suite>
</statistics>
<errors>
</errors>
</robot>
