<?xml version="1.0" encoding="UTF-8"?>
<robot generator="Robot 3.2.1 (Python 3.8.5 on win32)" generated="20200907 23:39:16.583" rpa="false">
<suite id="s1" name="Reservar Salas" source="C:\Users\mcelestino\projects\AmonraTests\tests\reservar_salas.robot">
<kw name="Open Session" library="base" type="setup">
<kw name="Open Browser" library="SeleniumLibrary">
<doc>Opens a new browser instance to the optional ``url``.</doc>
<arguments>
<arg>about:blank</arg>
<arg>chrome</arg>
</arguments>
<msg timestamp="20200907 23:39:16.821" level="INFO">Opening browser 'chrome' to base url 'about:blank'.</msg>
<status status="PASS" starttime="20200907 23:39:16.821" endtime="20200907 23:39:20.303"></status>
</kw>
<kw name="Set Selenium Implicit Wait" library="SeleniumLibrary">
<doc>Sets the implicit wait value used by Selenium.</doc>
<arguments>
<arg>5</arg>
</arguments>
<status status="PASS" starttime="20200907 23:39:20.304" endtime="20200907 23:39:20.308"></status>
</kw>
<status status="PASS" starttime="20200907 23:39:16.821" endtime="20200907 23:39:20.308"></status>
</kw>
<test id="s1-t1" name="Reservar Salas">
<kw name="Sucess Loginn" library="base" type="setup">
<tags>
<tag>login_sucess</tag>
</tags>
<kw name="Dado que acesso a página principal" library="kws">
<kw name="Go To" library="SeleniumLibrary">
<doc>Navigates the current browser window to the provided ``url``.</doc>
<arguments>
<arg>${URL}</arg>
</arguments>
<msg timestamp="20200907 23:39:20.311" level="INFO">Opening url 'http://amonra2:9005/netpa/page'</msg>
<status status="PASS" starttime="20200907 23:39:20.311" endtime="20200907 23:39:21.501"></status>
</kw>
<kw name="Title Should Be" library="SeleniumLibrary">
<doc>Verifies that the current page title equals ``title``.</doc>
<arguments>
<arg>Netpa página de entrada</arg>
</arguments>
<msg timestamp="20200907 23:39:21.509" level="INFO">Page title is 'Netpa página de entrada'.</msg>
<status status="PASS" starttime="20200907 23:39:21.502" endtime="20200907 23:39:21.509"></status>
</kw>
<status status="PASS" starttime="20200907 23:39:20.311" endtime="20200907 23:39:21.510"></status>
</kw>
<kw name="Quando submeto o meu utilizador &quot;mariacp&quot;" library="kws">
<kw name="Click Element" library="SeleniumLibrary">
<doc>Click the element identified by ``locator``.</doc>
<arguments>
<arg>${REGISTER}</arg>
</arguments>
<msg timestamp="20200907 23:39:21.511" level="INFO">Clicking element 'id:loginregisterLink'.</msg>
<status status="PASS" starttime="20200907 23:39:21.511" endtime="20200907 23:39:21.687"></status>
</kw>
<kw name="Click Element" library="SeleniumLibrary">
<doc>Click the element identified by ``locator``.</doc>
<arguments>
<arg>${USER}</arg>
</arguments>
<msg timestamp="20200907 23:39:21.688" level="INFO">Clicking element 'id:textfield-1019-inputEl'.</msg>
<status status="PASS" starttime="20200907 23:39:21.687" endtime="20200907 23:39:21.788"></status>
</kw>
<kw name="Input Text" library="SeleniumLibrary">
<doc>Types the given ``text`` into the text field identified by ``locator``.</doc>
<arguments>
<arg>${USER}</arg>
<arg>${utilizador}</arg>
</arguments>
<msg timestamp="20200907 23:39:21.788" level="INFO">Typing text 'mariacp' into text field 'id:textfield-1019-inputEl'.</msg>
<status status="PASS" starttime="20200907 23:39:21.788" endtime="20200907 23:39:21.875"></status>
</kw>
<status status="PASS" starttime="20200907 23:39:21.510" endtime="20200907 23:39:21.876"></status>
</kw>
<kw name="E a palavra-chave &quot;a&quot;" library="kws">
<kw name="Input Text" library="SeleniumLibrary">
<doc>Types the given ``text`` into the text field identified by ``locator``.</doc>
<arguments>
<arg>${PASS}</arg>
<arg>${password}</arg>
</arguments>
<msg timestamp="20200907 23:39:21.877" level="INFO">Typing text 'a' into text field 'css:input[type='password']'.</msg>
<status status="PASS" starttime="20200907 23:39:21.877" endtime="20200907 23:39:21.988"></status>
</kw>
<kw name="Sleep" library="BuiltIn">
<doc>Pauses the test executed for the given time.</doc>
<arguments>
<arg>5</arg>
</arguments>
<msg timestamp="20200907 23:39:26.990" level="INFO">Slept 5 seconds</msg>
<status status="PASS" starttime="20200907 23:39:21.988" endtime="20200907 23:39:26.990"></status>
</kw>
<status status="PASS" starttime="20200907 23:39:21.876" endtime="20200907 23:39:26.990"></status>
</kw>
<kw name="E clico em Entrar" library="kws">
<kw name="Click Element" library="SeleniumLibrary">
<doc>Click the element identified by ``locator``.</doc>
<arguments>
<arg>${BOTAO_ENTRAR}</arg>
</arguments>
<msg timestamp="20200907 23:39:26.991" level="INFO">Clicking element 'id:button-1024-btnInnerEl'.</msg>
<status status="PASS" starttime="20200907 23:39:26.990" endtime="20200907 23:39:27.048"></status>
</kw>
<status status="PASS" starttime="20200907 23:39:26.990" endtime="20200907 23:39:27.048"></status>
</kw>
<kw name="Então devo ser autenticado" library="kws">
<kw name="Sleep" library="BuiltIn">
<doc>Pauses the test executed for the given time.</doc>
<arguments>
<arg>5</arg>
</arguments>
<msg timestamp="20200907 23:39:32.050" level="INFO">Slept 5 seconds</msg>
<status status="PASS" starttime="20200907 23:39:27.048" endtime="20200907 23:39:32.050"></status>
</kw>
<kw name="Wait Until Element Is Visible" library="SeleniumLibrary">
<doc>Waits until the element ``locator`` is visible.</doc>
<arguments>
<arg>${TOMEI_CONH}</arg>
</arguments>
<status status="PASS" starttime="20200907 23:39:32.051" endtime="20200907 23:39:32.115"></status>
</kw>
<kw name="Click Element" library="SeleniumLibrary">
<doc>Click the element identified by ``locator``.</doc>
<arguments>
<arg>${BOTAO_TOMEI_CONH}</arg>
</arguments>
<msg timestamp="20200907 23:39:32.116" level="INFO">Clicking element 'xpath://*[@id="notificacoesNetpa_OK"]'.</msg>
<status status="PASS" starttime="20200907 23:39:32.115" endtime="20200907 23:39:32.203"></status>
</kw>
<kw name="Sleep" library="BuiltIn">
<doc>Pauses the test executed for the given time.</doc>
<arguments>
<arg>5</arg>
</arguments>
<msg timestamp="20200907 23:39:37.206" level="INFO">Slept 5 seconds</msg>
<status status="PASS" starttime="20200907 23:39:32.204" endtime="20200907 23:39:37.206"></status>
</kw>
<kw name="Execute Javascript" library="SeleniumLibrary">
<doc>Executes the given JavaScript code with possible arguments.</doc>
<arguments>
<arg>window.scrollTo(0,800)</arg>
</arguments>
<msg timestamp="20200907 23:39:37.207" level="INFO">Executing JavaScript:
window.scrollTo(0,800)
Without any arguments.</msg>
<status status="PASS" starttime="20200907 23:39:37.206" endtime="20200907 23:39:37.241"></status>
</kw>
<status status="PASS" starttime="20200907 23:39:27.048" endtime="20200907 23:39:37.242"></status>
</kw>
<status status="PASS" starttime="20200907 23:39:20.309" endtime="20200907 23:39:37.243"></status>
</kw>
<kw name="Quando clico no link &quot;Reservar Salas&quot;" library="kws">
<kw name="Click Link" library="SeleniumLibrary">
<doc>Clicks a link identified by ``locator``.</doc>
<arguments>
<arg>${LINK_RERSEVAR_SALA}</arg>
</arguments>
<msg timestamp="20200907 23:39:37.248" level="INFO">Clicking link 'xpath://*[@id="allservices"]/tbody/tr[1]/td[3]/a[9]'.</msg>
<status status="PASS" starttime="20200907 23:39:37.247" endtime="20200907 23:39:38.192"></status>
</kw>
<status status="PASS" starttime="20200907 23:39:37.245" endtime="20200907 23:39:38.193"></status>
</kw>
<kw name="E clico em &quot;Reservar Sala&quot;" library="kws">
<kw name="Wait Until Element Is Visible" library="SeleniumLibrary">
<doc>Waits until the element ``locator`` is visible.</doc>
<arguments>
<arg>xpath://*[@id="contenttwocolumns"]/h2</arg>
</arguments>
<status status="PASS" starttime="20200907 23:39:38.194" endtime="20200907 23:39:38.224"></status>
</kw>
<kw name="Sleep" library="BuiltIn">
<doc>Pauses the test executed for the given time.</doc>
<arguments>
<arg>2</arg>
</arguments>
<msg timestamp="20200907 23:39:40.225" level="INFO">Slept 2 seconds</msg>
<status status="PASS" starttime="20200907 23:39:38.224" endtime="20200907 23:39:40.225"></status>
</kw>
<kw name="Click Link" library="SeleniumLibrary">
<doc>Clicks a link identified by ``locator``.</doc>
<arguments>
<arg>${BOTAO_RESERVAR_SALA}</arg>
</arguments>
<msg timestamp="20200907 23:39:40.227" level="INFO">Clicking link 'xpath://*[@id="button-1054-btnInnerEl"]'.</msg>
<kw name="Capture Page Screenshot" library="SeleniumLibrary">
<doc>Takes a screenshot of the current page and embeds it into a log file.</doc>
<msg timestamp="20200907 23:39:40.668" level="INFO" html="yes">&lt;/td&gt;&lt;/tr&gt;&lt;tr&gt;&lt;td colspan="3"&gt;&lt;a href="selenium-screenshot-191.png"&gt;&lt;img src="selenium-screenshot-191.png" width="800px"&gt;&lt;/a&gt;</msg>
<status status="PASS" starttime="20200907 23:39:40.272" endtime="20200907 23:39:40.668"></status>
</kw>
<msg timestamp="20200907 23:39:40.670" level="FAIL">Link with locator 'xpath://*[@id="button-1054-btnInnerEl"]' not found.</msg>
<status status="FAIL" starttime="20200907 23:39:40.226" endtime="20200907 23:39:40.670"></status>
</kw>
<status status="FAIL" starttime="20200907 23:39:38.194" endtime="20200907 23:39:40.671"></status>
</kw>
<tags>
<tag>reservar_sala</tag>
</tags>
<status status="FAIL" starttime="20200907 23:39:20.308" endtime="20200907 23:39:40.672" critical="yes">Link with locator 'xpath://*[@id="button-1054-btnInnerEl"]' not found.</status>
</test>
<kw name="Close Session" library="base" type="teardown">
<kw name="Capture Page Screenshot" library="SeleniumLibrary">
<doc>Takes a screenshot of the current page and embeds it into a log file.</doc>
<msg timestamp="20200907 23:39:41.024" level="INFO" html="yes">&lt;/td&gt;&lt;/tr&gt;&lt;tr&gt;&lt;td colspan="3"&gt;&lt;a href="selenium-screenshot-192.png"&gt;&lt;img src="selenium-screenshot-192.png" width="800px"&gt;&lt;/a&gt;</msg>
<status status="PASS" starttime="20200907 23:39:40.676" endtime="20200907 23:39:41.024"></status>
</kw>
<status status="PASS" starttime="20200907 23:39:40.676" endtime="20200907 23:39:41.024"></status>
</kw>
<doc>Suite dos testes do ecram Reservar Salas</doc>
<status status="FAIL" starttime="20200907 23:39:16.585" endtime="20200907 23:39:41.024"></status>
</suite>
<statistics>
<total>
<stat pass="0" fail="1">Critical Tests</stat>
<stat pass="0" fail="1">All Tests</stat>
</total>
<tag>
<stat pass="0" fail="1">reservar_sala</stat>
</tag>
<suite>
<stat pass="0" fail="1" id="s1" name="Reservar Salas">Reservar Salas</stat>
</suite>
</statistics>
<errors>
</errors>
</robot>
