<?xml version="1.0" encoding="UTF-8"?>
<robot generator="Robot 3.2.1 (Python 3.8.3 on darwin)" generated="20200915 23:26:51.311" rpa="false">
<suite id="s1" name="Reservar Salas" source="/Users/mairacelestino/Projects/AmonraTests/tests/reservar_salas.robot">
<kw name="Open Session" library="base" type="setup">
<kw name="Open Browser" library="SeleniumLibrary">
<doc>Opens a new browser instance to the optional ``url``.</doc>
<arguments>
<arg>about:blank</arg>
<arg>chrome</arg>
</arguments>
<msg timestamp="20200915 23:26:51.519" level="INFO">Opening browser 'chrome' to base url 'about:blank'.</msg>
<status status="PASS" starttime="20200915 23:26:51.519" endtime="20200915 23:26:53.571"></status>
</kw>
<kw name="Maximize Browser Window" library="SeleniumLibrary">
<doc>Maximizes current browser window.</doc>
<status status="PASS" starttime="20200915 23:26:53.571" endtime="20200915 23:26:53.732"></status>
</kw>
<kw name="Set Selenium Implicit Wait" library="SeleniumLibrary">
<doc>Sets the implicit wait value used by Selenium.</doc>
<arguments>
<arg>5</arg>
</arguments>
<status status="PASS" starttime="20200915 23:26:53.732" endtime="20200915 23:26:53.733"></status>
</kw>
<status status="PASS" starttime="20200915 23:26:51.518" endtime="20200915 23:26:53.734"></status>
</kw>
<test id="s1-t1" name="Mensagens de Validação">
<kw name="Sucess Loginn" library="base" type="setup">
<tags>
<tag>login_sucess</tag>
</tags>
<kw name="Dado que acesso a página principal" library="kws">
<kw name="Go To" library="SeleniumLibrary">
<doc>Navigates the current browser window to the provided ``url``.</doc>
<arguments>
<arg>${URL}</arg>
</arguments>
<msg timestamp="20200915 23:26:53.736" level="INFO">Opening url 'http://amonra2:9005/netpa/page'</msg>
<status status="PASS" starttime="20200915 23:26:53.736" endtime="20200915 23:26:54.944"></status>
</kw>
<kw name="Title Should Be" library="SeleniumLibrary">
<doc>Verifies that the current page title equals ``title``.</doc>
<arguments>
<arg>Netpa página de entrada</arg>
</arguments>
<msg timestamp="20200915 23:26:54.949" level="INFO">Page title is 'Netpa página de entrada'.</msg>
<status status="PASS" starttime="20200915 23:26:54.945" endtime="20200915 23:26:54.949"></status>
</kw>
<status status="PASS" starttime="20200915 23:26:53.736" endtime="20200915 23:26:54.949"></status>
</kw>
<kw name="Quando submeto o meu utilizador &quot;mariacp&quot;" library="kws">
<kw name="Click Element" library="SeleniumLibrary">
<doc>Click the element identified by ``locator``.</doc>
<arguments>
<arg>${REGISTER}</arg>
</arguments>
<msg timestamp="20200915 23:26:54.950" level="INFO">Clicking element 'id:loginregisterLink'.</msg>
<status status="PASS" starttime="20200915 23:26:54.950" endtime="20200915 23:26:55.073"></status>
</kw>
<kw name="Click Element" library="SeleniumLibrary">
<doc>Click the element identified by ``locator``.</doc>
<arguments>
<arg>${USER}</arg>
</arguments>
<msg timestamp="20200915 23:26:55.073" level="INFO">Clicking element 'id:textfield-1019-inputEl'.</msg>
<status status="PASS" starttime="20200915 23:26:55.073" endtime="20200915 23:26:55.161"></status>
</kw>
<kw name="Input Text" library="SeleniumLibrary">
<doc>Types the given ``text`` into the text field identified by ``locator``.</doc>
<arguments>
<arg>${USER}</arg>
<arg>${utilizador}</arg>
</arguments>
<msg timestamp="20200915 23:26:55.162" level="INFO">Typing text 'mariacp' into text field 'id:textfield-1019-inputEl'.</msg>
<status status="PASS" starttime="20200915 23:26:55.162" endtime="20200915 23:26:55.258"></status>
</kw>
<status status="PASS" starttime="20200915 23:26:54.949" endtime="20200915 23:26:55.258"></status>
</kw>
<kw name="E a palavra-chave &quot;a&quot;" library="kws">
<kw name="Input Text" library="SeleniumLibrary">
<doc>Types the given ``text`` into the text field identified by ``locator``.</doc>
<arguments>
<arg>${PASS}</arg>
<arg>${password}</arg>
</arguments>
<msg timestamp="20200915 23:26:55.259" level="INFO">Typing text 'a' into text field 'css:input[type='password']'.</msg>
<status status="PASS" starttime="20200915 23:26:55.259" endtime="20200915 23:26:55.331"></status>
</kw>
<kw name="Sleep" library="BuiltIn">
<doc>Pauses the test executed for the given time.</doc>
<arguments>
<arg>5</arg>
</arguments>
<msg timestamp="20200915 23:27:00.333" level="INFO">Slept 5 seconds</msg>
<status status="PASS" starttime="20200915 23:26:55.332" endtime="20200915 23:27:00.333"></status>
</kw>
<status status="PASS" starttime="20200915 23:26:55.258" endtime="20200915 23:27:00.333"></status>
</kw>
<kw name="E clico em Entrar" library="kws">
<kw name="Click Element" library="SeleniumLibrary">
<doc>Click the element identified by ``locator``.</doc>
<arguments>
<arg>${BOTAO_ENTRAR}</arg>
</arguments>
<msg timestamp="20200915 23:27:00.334" level="INFO">Clicking element 'id:button-1024-btnInnerEl'.</msg>
<status status="PASS" starttime="20200915 23:27:00.334" endtime="20200915 23:27:00.390"></status>
</kw>
<status status="PASS" starttime="20200915 23:27:00.333" endtime="20200915 23:27:00.390"></status>
</kw>
<kw name="Então devo ser autenticado" library="kws">
<kw name="Sleep" library="BuiltIn">
<doc>Pauses the test executed for the given time.</doc>
<arguments>
<arg>5</arg>
</arguments>
<msg timestamp="20200915 23:27:05.391" level="INFO">Slept 5 seconds</msg>
<status status="PASS" starttime="20200915 23:27:00.390" endtime="20200915 23:27:05.392"></status>
</kw>
<kw name="Wait Until Element Is Visible" library="SeleniumLibrary">
<doc>Waits until the element ``locator`` is visible.</doc>
<arguments>
<arg>${TOMEI_CONH}</arg>
</arguments>
<status status="PASS" starttime="20200915 23:27:05.392" endtime="20200915 23:27:05.411"></status>
</kw>
<kw name="Click Element" library="SeleniumLibrary">
<doc>Click the element identified by ``locator``.</doc>
<arguments>
<arg>${BOTAO_TOMEI_CONH}</arg>
</arguments>
<msg timestamp="20200915 23:27:05.411" level="INFO">Clicking element 'xpath://*[@id="notificacoesNetpa_OK"]'.</msg>
<status status="PASS" starttime="20200915 23:27:05.411" endtime="20200915 23:27:05.462"></status>
</kw>
<kw name="Sleep" library="BuiltIn">
<doc>Pauses the test executed for the given time.</doc>
<arguments>
<arg>5</arg>
</arguments>
<msg timestamp="20200915 23:27:10.463" level="INFO">Slept 5 seconds</msg>
<status status="PASS" starttime="20200915 23:27:05.463" endtime="20200915 23:27:10.463"></status>
</kw>
<kw name="Execute Javascript" library="SeleniumLibrary">
<doc>Executes the given JavaScript code with possible arguments.</doc>
<arguments>
<arg>window.scrollTo(0,800)</arg>
</arguments>
<msg timestamp="20200915 23:27:10.465" level="INFO">Executing JavaScript:
window.scrollTo(0,800)
Without any arguments.</msg>
<status status="PASS" starttime="20200915 23:27:10.463" endtime="20200915 23:27:10.474"></status>
</kw>
<status status="PASS" starttime="20200915 23:27:00.390" endtime="20200915 23:27:10.475"></status>
</kw>
<status status="PASS" starttime="20200915 23:26:53.735" endtime="20200915 23:27:10.475"></status>
</kw>
<kw name="Quando clico no link &quot;Reservar Salas&quot;" library="kws">
<kw name="Click Link" library="SeleniumLibrary">
<doc>Clicks a link identified by ``locator``.</doc>
<arguments>
<arg>${LINK_RERSEVAR_SALA}</arg>
</arguments>
<msg timestamp="20200915 23:27:10.475" level="INFO">Clicking link 'xpath://*[@id="allservices"]/tbody/tr[1]/td[3]/a[9]'.</msg>
<status status="PASS" starttime="20200915 23:27:10.475" endtime="20200915 23:27:11.085"></status>
</kw>
<status status="PASS" starttime="20200915 23:27:10.475" endtime="20200915 23:27:11.086"></status>
</kw>
<kw name="E clico em &quot;Reservar Sala&quot;" library="kws">
<kw name="Wait Until Element Is Visible" library="SeleniumLibrary">
<doc>Waits until the element ``locator`` is visible.</doc>
<arguments>
<arg>${ElEMENTO_RESERVAR_SALA}</arg>
</arguments>
<status status="PASS" starttime="20200915 23:27:11.086" endtime="20200915 23:27:11.111"></status>
</kw>
<kw name="Sleep" library="BuiltIn">
<doc>Pauses the test executed for the given time.</doc>
<arguments>
<arg>3</arg>
</arguments>
<msg timestamp="20200915 23:27:14.112" level="INFO">Slept 3 seconds</msg>
<status status="PASS" starttime="20200915 23:27:11.111" endtime="20200915 23:27:14.112"></status>
</kw>
<kw name="Click Element" library="SeleniumLibrary">
<doc>Click the element identified by ``locator``.</doc>
<arguments>
<arg>${BOTAO_RESERVAR_SALA}</arg>
</arguments>
<msg timestamp="20200915 23:27:14.113" level="INFO">Clicking element 'xpath://*[@id="button-1054-btnInnerEl"]'.</msg>
<status status="PASS" starttime="20200915 23:27:14.112" endtime="20200915 23:27:14.187"></status>
</kw>
<status status="PASS" starttime="20200915 23:27:11.086" endtime="20200915 23:27:14.187"></status>
</kw>
<kw name="Então clico em OK" library="kws">
<kw name="Click Element" library="SeleniumLibrary">
<doc>Click the element identified by ``locator``.</doc>
<arguments>
<arg>${BOTAO_OK_RESERVA}</arg>
</arguments>
<msg timestamp="20200915 23:27:14.188" level="INFO">Clicking element 'xpath://button[@id="reservarSalaDialog_ok-btnEl"]'.</msg>
<status status="PASS" starttime="20200915 23:27:14.188" endtime="20200915 23:27:14.231"></status>
</kw>
<status status="PASS" starttime="20200915 23:27:14.187" endtime="20200915 23:27:14.231"></status>
</kw>
<kw name="Devo ver a mensagem &quot;As suas alterações NÃO FORAM gravadas&quot;" library="kws">
<kw name="Sleep" library="BuiltIn">
<doc>Pauses the test executed for the given time.</doc>
<arguments>
<arg>2</arg>
</arguments>
<msg timestamp="20200915 23:27:16.234" level="INFO">Slept 2 seconds</msg>
<status status="PASS" starttime="20200915 23:27:14.232" endtime="20200915 23:27:16.234"></status>
</kw>
<kw name="Wait Until Page Contains" library="SeleniumLibrary">
<doc>Waits until ``text`` appears on the current page.</doc>
<arguments>
<arg>As suas alterações NÃO FORAM gravadas</arg>
</arguments>
<status status="PASS" starttime="20200915 23:27:16.234" endtime="20200915 23:27:16.245"></status>
</kw>
<kw name="Sleep" library="BuiltIn">
<doc>Pauses the test executed for the given time.</doc>
<arguments>
<arg>2</arg>
</arguments>
<msg timestamp="20200915 23:27:18.246" level="INFO">Slept 2 seconds</msg>
<status status="PASS" starttime="20200915 23:27:16.245" endtime="20200915 23:27:18.246"></status>
</kw>
<kw name="Click Button" library="SeleniumLibrary">
<doc>Clicks the button identified by ``locator``.</doc>
<arguments>
<arg>${BOTAO_OK_AVISOS}</arg>
</arguments>
<msg timestamp="20200915 23:27:18.246" level="INFO">Clicking button 'xpath://button[@class="ajs-button ajs-ok"]'.</msg>
<status status="PASS" starttime="20200915 23:27:18.246" endtime="20200915 23:27:18.307"></status>
</kw>
<kw name="Sleep" library="BuiltIn">
<doc>Pauses the test executed for the given time.</doc>
<arguments>
<arg>2</arg>
</arguments>
<msg timestamp="20200915 23:27:20.309" level="INFO">Slept 2 seconds</msg>
<status status="PASS" starttime="20200915 23:27:18.307" endtime="20200915 23:27:20.309"></status>
</kw>
<kw name="Click Button" library="SeleniumLibrary">
<doc>Clicks the button identified by ``locator``.</doc>
<arguments>
<arg>${BOTAO_CANCELAR}</arg>
</arguments>
<msg timestamp="20200915 23:27:20.310" level="INFO">Clicking button 'xpath://button[@id="reservarSalaDialog_cancel-btnEl"]'.</msg>
<status status="PASS" starttime="20200915 23:27:20.309" endtime="20200915 23:27:20.383"></status>
</kw>
<status status="PASS" starttime="20200915 23:27:14.231" endtime="20200915 23:27:20.383"></status>
</kw>
<kw name="E Faço Logout" library="kws">
<kw name="Sleep" library="BuiltIn">
<doc>Pauses the test executed for the given time.</doc>
<arguments>
<arg>2</arg>
</arguments>
<msg timestamp="20200915 23:27:22.384" level="INFO">Slept 2 seconds</msg>
<status status="PASS" starttime="20200915 23:27:20.384" endtime="20200915 23:27:22.385"></status>
</kw>
<kw name="Click Element" library="SeleniumLibrary">
<doc>Click the element identified by ``locator``.</doc>
<arguments>
<arg>${SAIR}</arg>
</arguments>
<msg timestamp="20200915 23:27:22.385" level="INFO">Clicking element 'xpath://*[@id="headerTopButtons"]/a'.</msg>
<status status="PASS" starttime="20200915 23:27:22.385" endtime="20200915 23:27:23.292"></status>
</kw>
<kw name="Wait Until Page Contains" library="SeleniumLibrary">
<doc>Waits until ``text`` appears on the current page.</doc>
<arguments>
<arg>Bem-vindo ao netP@</arg>
</arguments>
<status status="PASS" starttime="20200915 23:27:23.293" endtime="20200915 23:27:23.303"></status>
</kw>
<status status="PASS" starttime="20200915 23:27:20.384" endtime="20200915 23:27:23.303"></status>
</kw>
<tags>
<tag>reservarSala_ValoresInvalidos</tag>
</tags>
<status status="PASS" starttime="20200915 23:26:53.734" endtime="20200915 23:27:23.303" critical="yes"></status>
</test>
<kw name="Close Session" library="base" type="teardown">
<kw name="Capture Page Screenshot" library="SeleniumLibrary">
<doc>Takes a screenshot of the current page and embeds it into a log file.</doc>
<msg timestamp="20200915 23:27:23.614" level="INFO" html="yes">&lt;/td&gt;&lt;/tr&gt;&lt;tr&gt;&lt;td colspan="3"&gt;&lt;a href="selenium-screenshot-252.png"&gt;&lt;img src="selenium-screenshot-252.png" width="800px"&gt;&lt;/a&gt;</msg>
<status status="PASS" starttime="20200915 23:27:23.305" endtime="20200915 23:27:23.614"></status>
</kw>
<kw name="Close Browser" library="SeleniumLibrary">
<doc>Closes the current browser.</doc>
<status status="PASS" starttime="20200915 23:27:23.614" endtime="20200915 23:27:23.696"></status>
</kw>
<status status="PASS" starttime="20200915 23:27:23.305" endtime="20200915 23:27:23.696"></status>
</kw>
<doc>Suite dos testes do ecram Reservar Salas</doc>
<status status="PASS" starttime="20200915 23:26:51.312" endtime="20200915 23:27:23.696"></status>
</suite>
<statistics>
<total>
<stat pass="1" fail="0">Critical Tests</stat>
<stat pass="1" fail="0">All Tests</stat>
</total>
<tag>
<stat pass="1" fail="0">reservarSala_ValoresInvalidos</stat>
</tag>
<suite>
<stat pass="1" fail="0" id="s1" name="Reservar Salas">Reservar Salas</stat>
</suite>
</statistics>
<errors>
</errors>
</robot>
