<?xml version="1.0" encoding="UTF-8"?>
<robot generator="Robot 3.2.1 (Python 3.8.5 on win32)" generated="20200914 23:46:22.034" rpa="false">
<suite id="s1" name="Reservar Salas" source="C:\Users\mcelestino\projects\AmonraTests\tests\reservar_salas.robot">
<kw name="Open Session" library="base" type="setup">
<kw name="Open Browser" library="SeleniumLibrary">
<doc>Opens a new browser instance to the optional ``url``.</doc>
<arguments>
<arg>about:blank</arg>
<arg>chrome</arg>
</arguments>
<msg timestamp="20200914 23:46:22.311" level="INFO">Opening browser 'chrome' to base url 'about:blank'.</msg>
<status status="PASS" starttime="20200914 23:46:22.310" endtime="20200914 23:46:25.671"></status>
</kw>
<kw name="Maximize Browser Window" library="SeleniumLibrary">
<doc>Maximizes current browser window.</doc>
<status status="PASS" starttime="20200914 23:46:25.671" endtime="20200914 23:46:27.960"></status>
</kw>
<kw name="Set Selenium Implicit Wait" library="SeleniumLibrary">
<doc>Sets the implicit wait value used by Selenium.</doc>
<arguments>
<arg>5</arg>
</arguments>
<status status="PASS" starttime="20200914 23:46:27.960" endtime="20200914 23:46:27.962"></status>
</kw>
<status status="PASS" starttime="20200914 23:46:22.310" endtime="20200914 23:46:27.963"></status>
</kw>
<test id="s1-t1" name="Mensagens de Validação">
<kw name="Sucess Loginn" library="base" type="setup">
<tags>
<tag>login_sucess</tag>
</tags>
<kw name="Dado que acesso a página principal" library="kws">
<kw name="Go To" library="SeleniumLibrary">
<doc>Navigates the current browser window to the provided ``url``.</doc>
<arguments>
<arg>${URL}</arg>
</arguments>
<msg timestamp="20200914 23:46:27.979" level="INFO">Opening url 'http://amonra2:9005/netpa/page'</msg>
<status status="PASS" starttime="20200914 23:46:27.979" endtime="20200914 23:46:29.905"></status>
</kw>
<kw name="Title Should Be" library="SeleniumLibrary">
<doc>Verifies that the current page title equals ``title``.</doc>
<arguments>
<arg>Netpa página de entrada</arg>
</arguments>
<msg timestamp="20200914 23:46:29.917" level="INFO">Page title is 'Netpa página de entrada'.</msg>
<status status="PASS" starttime="20200914 23:46:29.905" endtime="20200914 23:46:29.917"></status>
</kw>
<status status="PASS" starttime="20200914 23:46:27.978" endtime="20200914 23:46:29.918"></status>
</kw>
<kw name="Quando submeto o meu utilizador &quot;mariacp&quot;" library="kws">
<kw name="Click Element" library="SeleniumLibrary">
<doc>Click the element identified by ``locator``.</doc>
<arguments>
<arg>${REGISTER}</arg>
</arguments>
<msg timestamp="20200914 23:46:29.919" level="INFO">Clicking element 'id:loginregisterLink'.</msg>
<status status="PASS" starttime="20200914 23:46:29.919" endtime="20200914 23:46:30.328"></status>
</kw>
<kw name="Click Element" library="SeleniumLibrary">
<doc>Click the element identified by ``locator``.</doc>
<arguments>
<arg>${USER}</arg>
</arguments>
<msg timestamp="20200914 23:46:30.329" level="INFO">Clicking element 'id:textfield-1019-inputEl'.</msg>
<status status="PASS" starttime="20200914 23:46:30.328" endtime="20200914 23:46:30.591"></status>
</kw>
<kw name="Input Text" library="SeleniumLibrary">
<doc>Types the given ``text`` into the text field identified by ``locator``.</doc>
<arguments>
<arg>${USER}</arg>
<arg>${utilizador}</arg>
</arguments>
<msg timestamp="20200914 23:46:30.592" level="INFO">Typing text 'mariacp' into text field 'id:textfield-1019-inputEl'.</msg>
<status status="PASS" starttime="20200914 23:46:30.591" endtime="20200914 23:46:30.867"></status>
</kw>
<status status="PASS" starttime="20200914 23:46:29.918" endtime="20200914 23:46:30.868"></status>
</kw>
<kw name="E a palavra-chave &quot;a&quot;" library="kws">
<kw name="Input Text" library="SeleniumLibrary">
<doc>Types the given ``text`` into the text field identified by ``locator``.</doc>
<arguments>
<arg>${PASS}</arg>
<arg>${password}</arg>
</arguments>
<msg timestamp="20200914 23:46:30.870" level="INFO">Typing text 'a' into text field 'css:input[type='password']'.</msg>
<status status="PASS" starttime="20200914 23:46:30.870" endtime="20200914 23:46:31.014"></status>
</kw>
<kw name="Sleep" library="BuiltIn">
<doc>Pauses the test executed for the given time.</doc>
<arguments>
<arg>5</arg>
</arguments>
<msg timestamp="20200914 23:46:36.015" level="INFO">Slept 5 seconds</msg>
<status status="PASS" starttime="20200914 23:46:31.014" endtime="20200914 23:46:36.015"></status>
</kw>
<status status="PASS" starttime="20200914 23:46:30.869" endtime="20200914 23:46:36.015"></status>
</kw>
<kw name="E clico em Entrar" library="kws">
<kw name="Click Element" library="SeleniumLibrary">
<doc>Click the element identified by ``locator``.</doc>
<arguments>
<arg>${BOTAO_ENTRAR}</arg>
</arguments>
<msg timestamp="20200914 23:46:36.016" level="INFO">Clicking element 'id:button-1024-btnInnerEl'.</msg>
<status status="PASS" starttime="20200914 23:46:36.016" endtime="20200914 23:46:36.076"></status>
</kw>
<status status="PASS" starttime="20200914 23:46:36.015" endtime="20200914 23:46:36.076"></status>
</kw>
<kw name="Então devo ser autenticado" library="kws">
<kw name="Sleep" library="BuiltIn">
<doc>Pauses the test executed for the given time.</doc>
<arguments>
<arg>5</arg>
</arguments>
<msg timestamp="20200914 23:46:41.079" level="INFO">Slept 5 seconds</msg>
<status status="PASS" starttime="20200914 23:46:36.077" endtime="20200914 23:46:41.079"></status>
</kw>
<kw name="Wait Until Element Is Visible" library="SeleniumLibrary">
<doc>Waits until the element ``locator`` is visible.</doc>
<arguments>
<arg>${TOMEI_CONH}</arg>
</arguments>
<status status="PASS" starttime="20200914 23:46:41.079" endtime="20200914 23:46:41.141"></status>
</kw>
<kw name="Click Element" library="SeleniumLibrary">
<doc>Click the element identified by ``locator``.</doc>
<arguments>
<arg>${BOTAO_TOMEI_CONH}</arg>
</arguments>
<msg timestamp="20200914 23:46:41.141" level="INFO">Clicking element 'xpath://*[@id="notificacoesNetpa_OK"]'.</msg>
<status status="PASS" starttime="20200914 23:46:41.141" endtime="20200914 23:46:41.321"></status>
</kw>
<kw name="Sleep" library="BuiltIn">
<doc>Pauses the test executed for the given time.</doc>
<arguments>
<arg>5</arg>
</arguments>
<msg timestamp="20200914 23:46:46.323" level="INFO">Slept 5 seconds</msg>
<status status="PASS" starttime="20200914 23:46:41.321" endtime="20200914 23:46:46.323"></status>
</kw>
<kw name="Execute Javascript" library="SeleniumLibrary">
<doc>Executes the given JavaScript code with possible arguments.</doc>
<arguments>
<arg>window.scrollTo(0,800)</arg>
</arguments>
<msg timestamp="20200914 23:46:46.324" level="INFO">Executing JavaScript:
window.scrollTo(0,800)
Without any arguments.</msg>
<status status="PASS" starttime="20200914 23:46:46.323" endtime="20200914 23:46:46.359"></status>
</kw>
<status status="PASS" starttime="20200914 23:46:36.076" endtime="20200914 23:46:46.359"></status>
</kw>
<status status="PASS" starttime="20200914 23:46:27.976" endtime="20200914 23:46:46.359"></status>
</kw>
<kw name="Quando clico no link &quot;Reservar Salas&quot;" library="kws">
<kw name="Click Link" library="SeleniumLibrary">
<doc>Clicks a link identified by ``locator``.</doc>
<arguments>
<arg>${LINK_RERSEVAR_SALA}</arg>
</arguments>
<msg timestamp="20200914 23:46:46.360" level="INFO">Clicking link 'xpath://*[@id="allservices"]/tbody/tr[1]/td[3]/a[9]'.</msg>
<status status="PASS" starttime="20200914 23:46:46.360" endtime="20200914 23:46:47.490"></status>
</kw>
<status status="PASS" starttime="20200914 23:46:46.360" endtime="20200914 23:46:47.491"></status>
</kw>
<kw name="E clico em &quot;Reservar Sala&quot;" library="kws">
<kw name="Wait Until Element Is Visible" library="SeleniumLibrary">
<doc>Waits until the element ``locator`` is visible.</doc>
<arguments>
<arg>${ElEMENTO_RESERVAR_SALA}</arg>
</arguments>
<status status="PASS" starttime="20200914 23:46:47.492" endtime="20200914 23:46:47.524"></status>
</kw>
<kw name="Sleep" library="BuiltIn">
<doc>Pauses the test executed for the given time.</doc>
<arguments>
<arg>3</arg>
</arguments>
<msg timestamp="20200914 23:46:50.526" level="INFO">Slept 3 seconds</msg>
<status status="PASS" starttime="20200914 23:46:47.524" endtime="20200914 23:46:50.527"></status>
</kw>
<kw name="Click Element" library="SeleniumLibrary">
<doc>Click the element identified by ``locator``.</doc>
<arguments>
<arg>${BOTAO_RESERVAR_SALA}</arg>
</arguments>
<msg timestamp="20200914 23:46:50.529" level="INFO">Clicking element 'xpath://*[@id="button-1054-btnInnerEl"]'.</msg>
<status status="PASS" starttime="20200914 23:46:50.528" endtime="20200914 23:46:50.702"></status>
</kw>
<status status="PASS" starttime="20200914 23:46:47.491" endtime="20200914 23:46:50.702"></status>
</kw>
<kw name="Então clico em OK" library="kws">
<kw name="Click Element" library="SeleniumLibrary">
<doc>Click the element identified by ``locator``.</doc>
<arguments>
<arg>${BOTAO_OK_RESERVA}</arg>
</arguments>
<msg timestamp="20200914 23:46:50.704" level="INFO">Clicking element 'xpath://button[@id="reservarSalaDialog_ok-btnEl"]'.</msg>
<status status="PASS" starttime="20200914 23:46:50.703" endtime="20200914 23:46:50.785"></status>
</kw>
<status status="PASS" starttime="20200914 23:46:50.703" endtime="20200914 23:46:50.785"></status>
</kw>
<kw name="Devo ver a mensagem &quot;Existem campos que não estão preenchidos ou contêm valores inválidos!&quot;" library="kws">
<kw name="Wait Until Element Is Visible" library="SeleniumLibrary">
<doc>Waits until the element ``locator`` is visible.</doc>
<arguments>
<arg>${MENSAGEM_VALIDACAO}</arg>
</arguments>
<kw name="Capture Page Screenshot" library="SeleniumLibrary">
<doc>Takes a screenshot of the current page and embeds it into a log file.</doc>
<msg timestamp="20200914 23:46:56.483" level="INFO" html="yes">&lt;/td&gt;&lt;/tr&gt;&lt;tr&gt;&lt;td colspan="3"&gt;&lt;a href="selenium-screenshot-223.png"&gt;&lt;img src="selenium-screenshot-223.png" width="800px"&gt;&lt;/a&gt;</msg>
<status status="PASS" starttime="20200914 23:46:56.053" endtime="20200914 23:46:56.483"></status>
</kw>
<msg timestamp="20200914 23:46:56.485" level="FAIL">Element 'Existem campos que não estão preenchidos ou contêm valores inválidos!' not visible after 5 seconds.</msg>
<status status="FAIL" starttime="20200914 23:46:50.786" endtime="20200914 23:46:56.485"></status>
</kw>
<status status="FAIL" starttime="20200914 23:46:50.786" endtime="20200914 23:46:56.485"></status>
</kw>
<tags>
<tag>reservarSala_ValoresInvalidos</tag>
</tags>
<status status="FAIL" starttime="20200914 23:46:27.963" endtime="20200914 23:46:56.486" critical="yes">Element 'Existem campos que não estão preenchidos ou contêm valores inválidos!' not visible after 5 seconds.</status>
</test>
<kw name="Close Session" library="base" type="teardown">
<kw name="Capture Page Screenshot" library="SeleniumLibrary">
<doc>Takes a screenshot of the current page and embeds it into a log file.</doc>
<msg timestamp="20200914 23:46:56.931" level="INFO" html="yes">&lt;/td&gt;&lt;/tr&gt;&lt;tr&gt;&lt;td colspan="3"&gt;&lt;a href="selenium-screenshot-224.png"&gt;&lt;img src="selenium-screenshot-224.png" width="800px"&gt;&lt;/a&gt;</msg>
<status status="PASS" starttime="20200914 23:46:56.491" endtime="20200914 23:46:56.931"></status>
</kw>
<status status="PASS" starttime="20200914 23:46:56.491" endtime="20200914 23:46:56.931"></status>
</kw>
<doc>Suite dos testes do ecram Reservar Salas</doc>
<status status="FAIL" starttime="20200914 23:46:22.036" endtime="20200914 23:46:56.931"></status>
</suite>
<statistics>
<total>
<stat pass="0" fail="1">Critical Tests</stat>
<stat pass="0" fail="1">All Tests</stat>
</total>
<tag>
<stat pass="0" fail="1">reservarSala_ValoresInvalidos</stat>
</tag>
<suite>
<stat pass="0" fail="1" id="s1" name="Reservar Salas">Reservar Salas</stat>
</suite>
</statistics>
<errors>
</errors>
</robot>
